<?xml version="1.0" encoding="UTF-8"?>
<!-- Generated by org.testng.reporters.JUnitReportReporter -->
<testsuite skipped="0" hostname="LC-PC" name="com.iebm.ssm.testScripts.TotalReportTest" tests="1" failures="0" timestamp="2018-12-19T16:21:23 CST" time="0.683" errors="0">
  <testcase name="testOpenPage" time="0.683" classname="com.iebm.ssm.testScripts.TotalReportTest"/>
</testsuite> <!-- com.iebm.ssm.testScripts.TotalReportTest -->
