<?xml version="1.0" encoding="UTF-8"?>
<!-- Generated by org.testng.reporters.JUnitReportReporter -->
<testsuite skipped="1" hostname="LC-PC" name="com.iebm.ssm.testScripts.CaseQueryTest" tests="2" failures="0" timestamp="2018-12-19T15:45:35 CST" time="1.025" errors="0">
  <testcase name="testIllegal" time="1.025" classname="com.iebm.ssm.testScripts.CaseQueryTest"/>
  <testcase name="illgealQuery" classname="com.iebm.ssm.testScripts.CaseQueryTest">
    <skipped/>
  </testcase> <!-- illgealQuery -->
</testsuite> <!-- com.iebm.ssm.testScripts.CaseQueryTest -->
