<?xml version="1.0" encoding="UTF-8"?>
<!-- Generated by org.testng.reporters.JUnitReportReporter -->
<testsuite skipped="0" hostname="LC-PC" name="com.iebm.ssm.testScripts.DataDriverLoginTest" tests="11" failures="0" timestamp="2019-05-30T14:00:16 CST" time="48.443" errors="0">
  <testcase name="guestLogin" time="4.535" classname="com.iebm.ssm.testScripts.DataDriverLoginTest"/>
  <testcase name="dataDriverLogin" time="4.346" classname="com.iebm.ssm.testScripts.DataDriverLoginTest"/>
  <testcase name="dataDriverLogin" time="4.371" classname="com.iebm.ssm.testScripts.DataDriverLoginTest"/>
  <testcase name="dataDriverLoginFromCSV" time="4.375" classname="com.iebm.ssm.testScripts.DataDriverLoginTest"/>
  <testcase name="dataDriverLoginFromCSV" time="4.554" classname="com.iebm.ssm.testScripts.DataDriverLoginTest"/>
  <testcase name="dataDriverLoginFromExcel" time="4.371" classname="com.iebm.ssm.testScripts.DataDriverLoginTest"/>
  <testcase name="dataDriverLoginFromExcel" time="4.376" classname="com.iebm.ssm.testScripts.DataDriverLoginTest"/>
  <testcase name="dataDriverLoginFromExcel2" time="4.381" classname="com.iebm.ssm.testScripts.DataDriverLoginTest"/>
  <testcase name="dataDriverLoginFromExcel2" time="4.409" classname="com.iebm.ssm.testScripts.DataDriverLoginTest"/>
  <testcase name="dataDriverLoginFromMysql" time="4.366" classname="com.iebm.ssm.testScripts.DataDriverLoginTest"/>
  <testcase name="dataDriverLoginFromMysql" time="4.359" classname="com.iebm.ssm.testScripts.DataDriverLoginTest"/>
</testsuite> <!-- com.iebm.ssm.testScripts.DataDriverLoginTest -->
