<?xml version="1.0" encoding="UTF-8"?>
<!-- Generated by org.testng.reporters.JUnitReportReporter -->
<testsuite skipped="0" hostname="LC-PC" name="com.iebm.ssm.testScripts.ReviewFirstTest" tests="11" failures="0" timestamp="25 三月 2020 08:48:27 GMT" time="10.585" errors="0">
  <testcase name="openPage" time="1.173" classname="com.iebm.ssm.testScripts.ReviewFirstTest"/>
  <testcase name="queryReviewCase" time="0.666" classname="com.iebm.ssm.testScripts.ReviewFirstTest"/>
  <testcase name="queryReviewCase" time="0.724" classname="com.iebm.ssm.testScripts.ReviewFirstTest"/>
  <testcase name="queryReviewCase" time="1.821" classname="com.iebm.ssm.testScripts.ReviewFirstTest"/>
  <testcase name="queryReviewCase" time="0.663" classname="com.iebm.ssm.testScripts.ReviewFirstTest"/>
  <testcase name="queryReviewCase" time="0.672" classname="com.iebm.ssm.testScripts.ReviewFirstTest"/>
  <testcase name="queryReviewCase" time="1.914" classname="com.iebm.ssm.testScripts.ReviewFirstTest"/>
  <testcase name="queryReviewCase" time="0.643" classname="com.iebm.ssm.testScripts.ReviewFirstTest"/>
  <testcase name="queryReviewCase" time="0.845" classname="com.iebm.ssm.testScripts.ReviewFirstTest"/>
  <testcase name="queryReviewCase" time="0.733" classname="com.iebm.ssm.testScripts.ReviewFirstTest"/>
  <testcase name="queryReviewCase" time="0.731" classname="com.iebm.ssm.testScripts.ReviewFirstTest"/>
</testsuite> <!-- com.iebm.ssm.testScripts.ReviewFirstTest -->
