<?xml version="1.0" encoding="UTF-8"?>
<!-- Generated by org.testng.reporters.JUnitReportReporter -->
<testsuite skipped="0" hostname="LC-PC" name="com.iebm.ssm.testScripts.BusinessAuditTest" tests="43" failures="0" timestamp="2019-03-15T14:40:26 CST" time="54.631" errors="0">
  <testcase name="openPage" time="0.331" classname="com.iebm.ssm.testScripts.BusinessAuditTest"/>
  <testcase name="queryBusinessAuditCase" time="1.109" classname="com.iebm.ssm.testScripts.BusinessAuditTest"/>
  <testcase name="queryBusinessAuditCase" time="1.263" classname="com.iebm.ssm.testScripts.BusinessAuditTest"/>
  <testcase name="queryBusinessAuditCase" time="1.156" classname="com.iebm.ssm.testScripts.BusinessAuditTest"/>
  <testcase name="queryBusinessAuditCase" time="1.693" classname="com.iebm.ssm.testScripts.BusinessAuditTest"/>
  <testcase name="queryBusinessAuditCase" time="1.231" classname="com.iebm.ssm.testScripts.BusinessAuditTest"/>
  <testcase name="queryBusinessAuditCase" time="1.210" classname="com.iebm.ssm.testScripts.BusinessAuditTest"/>
  <testcase name="queryBusinessAuditCase" time="1.313" classname="com.iebm.ssm.testScripts.BusinessAuditTest"/>
  <testcase name="queryBusinessAuditCase" time="1.247" classname="com.iebm.ssm.testScripts.BusinessAuditTest"/>
  <testcase name="queryBusinessAuditCase" time="1.504" classname="com.iebm.ssm.testScripts.BusinessAuditTest"/>
  <testcase name="queryBusinessAuditCase" time="1.106" classname="com.iebm.ssm.testScripts.BusinessAuditTest"/>
  <testcase name="queryBusinessAuditCase" time="1.475" classname="com.iebm.ssm.testScripts.BusinessAuditTest"/>
  <testcase name="queryBusinessAuditCase" time="1.187" classname="com.iebm.ssm.testScripts.BusinessAuditTest"/>
  <testcase name="queryBusinessAuditCase" time="1.186" classname="com.iebm.ssm.testScripts.BusinessAuditTest"/>
  <testcase name="queryBusinessAuditCase" time="1.452" classname="com.iebm.ssm.testScripts.BusinessAuditTest"/>
  <testcase name="queryBusinessAuditCase" time="1.234" classname="com.iebm.ssm.testScripts.BusinessAuditTest"/>
  <testcase name="queryBusinessAuditCase" time="1.198" classname="com.iebm.ssm.testScripts.BusinessAuditTest"/>
  <testcase name="queryBusinessAuditCase" time="1.222" classname="com.iebm.ssm.testScripts.BusinessAuditTest"/>
  <testcase name="queryBusinessAuditCase" time="1.284" classname="com.iebm.ssm.testScripts.BusinessAuditTest"/>
  <testcase name="queryBusinessAuditCase" time="1.398" classname="com.iebm.ssm.testScripts.BusinessAuditTest"/>
  <testcase name="queryBusinessAuditCase" time="1.154" classname="com.iebm.ssm.testScripts.BusinessAuditTest"/>
  <testcase name="queryBusinessAuditCase" time="1.098" classname="com.iebm.ssm.testScripts.BusinessAuditTest"/>
  <testcase name="queryBusinessAuditCase" time="1.113" classname="com.iebm.ssm.testScripts.BusinessAuditTest"/>
  <testcase name="queryBusinessAuditCase" time="1.453" classname="com.iebm.ssm.testScripts.BusinessAuditTest"/>
  <testcase name="queryBusinessAuditCase" time="1.156" classname="com.iebm.ssm.testScripts.BusinessAuditTest"/>
  <testcase name="queryBusinessAuditCase" time="1.138" classname="com.iebm.ssm.testScripts.BusinessAuditTest"/>
  <testcase name="queryBusinessAuditCase" time="2.342" classname="com.iebm.ssm.testScripts.BusinessAuditTest"/>
  <testcase name="queryBusinessAuditCase" time="1.124" classname="com.iebm.ssm.testScripts.BusinessAuditTest"/>
  <testcase name="queryBusinessAuditCase" time="1.189" classname="com.iebm.ssm.testScripts.BusinessAuditTest"/>
  <testcase name="queryBusinessAuditCase" time="1.940" classname="com.iebm.ssm.testScripts.BusinessAuditTest"/>
  <testcase name="queryBusinessAuditCase" time="1.162" classname="com.iebm.ssm.testScripts.BusinessAuditTest"/>
  <testcase name="queryBusinessAuditCase" time="1.146" classname="com.iebm.ssm.testScripts.BusinessAuditTest"/>
  <testcase name="queryBusinessAuditCase" time="1.138" classname="com.iebm.ssm.testScripts.BusinessAuditTest"/>
  <testcase name="queryBusinessAuditCase" time="1.137" classname="com.iebm.ssm.testScripts.BusinessAuditTest"/>
  <testcase name="queryBusinessAuditCase" time="1.169" classname="com.iebm.ssm.testScripts.BusinessAuditTest"/>
  <testcase name="queryBusinessAuditCase" time="1.107" classname="com.iebm.ssm.testScripts.BusinessAuditTest"/>
  <testcase name="queryBusinessAuditCase" time="1.368" classname="com.iebm.ssm.testScripts.BusinessAuditTest"/>
  <testcase name="queryBusinessAuditCase" time="1.189" classname="com.iebm.ssm.testScripts.BusinessAuditTest"/>
  <testcase name="queryBusinessAuditCase" time="1.431" classname="com.iebm.ssm.testScripts.BusinessAuditTest"/>
  <testcase name="queryBusinessAuditCase" time="1.611" classname="com.iebm.ssm.testScripts.BusinessAuditTest"/>
  <testcase name="queryBusinessAuditCase" time="1.137" classname="com.iebm.ssm.testScripts.BusinessAuditTest"/>
  <testcase name="queryBusinessAuditCase" time="1.446" classname="com.iebm.ssm.testScripts.BusinessAuditTest"/>
  <testcase name="queryBusinessAuditCase" time="1.084" classname="com.iebm.ssm.testScripts.BusinessAuditTest"/>
</testsuite> <!-- com.iebm.ssm.testScripts.BusinessAuditTest -->
