<?xml version="1.0" encoding="UTF-8"?>
<!-- Generated by org.testng.reporters.JUnitReportReporter -->
<testsuite name="com.iebm.ssm.test.TestNGDemo1" tests="3" time="0.007" ignored="0" failures="0" timestamp="14 四月 2020 08:12:54 GMT" skipped="0" hostname="LC-PC" errors="0">
  <testcase name="Test2" time="0.001" classname="com.iebm.ssm.test.TestNGDemo1"/>
  <testcase name="Test2" time="0.001" classname="com.iebm.ssm.test.TestNGDemo1"/>
  <testcase name="Test1" time="0.005" classname="com.iebm.ssm.test.TestNGDemo1"/>
</testsuite> <!-- com.iebm.ssm.test.TestNGDemo1 -->
