<?xml version="1.0" encoding="UTF-8"?>
<!-- Generated by org.testng.reporters.JUnitReportReporter -->
<testsuite skipped="0" hostname="LC-PC" name="com.iebm.ssm.testScripts.LoginTest" tests="1" failures="0" timestamp="25 三月 2020 08:48:27 GMT" time="3.343" errors="0">
  <testcase name="guestLogin" time="3.343" classname="com.iebm.ssm.testScripts.LoginTest"/>
</testsuite> <!-- com.iebm.ssm.testScripts.LoginTest -->
