<?xml version="1.0" encoding="UTF-8"?>
<!-- Generated by org.testng.reporters.JUnitReportReporter -->
<testsuite skipped="0" hostname="LC-PC" name="com.iebm.ssm.testScripts.QueryDoubtfulTest" tests="45" failures="0" timestamp="2019-03-15T15:42:57 CST" time="38.697" errors="0">
  <testcase name="openPage" time="3.449" classname="com.iebm.ssm.testScripts.QueryDoubtfulTest"/>
  <testcase name="qeuryDoubtfulCase" time="0.790" classname="com.iebm.ssm.testScripts.QueryDoubtfulTest"/>
  <testcase name="qeuryDoubtfulCase" time="0.776" classname="com.iebm.ssm.testScripts.QueryDoubtfulTest"/>
  <testcase name="qeuryDoubtfulCase" time="0.773" classname="com.iebm.ssm.testScripts.QueryDoubtfulTest"/>
  <testcase name="qeuryDoubtfulCase" time="0.775" classname="com.iebm.ssm.testScripts.QueryDoubtfulTest"/>
  <testcase name="qeuryDoubtfulCase" time="0.847" classname="com.iebm.ssm.testScripts.QueryDoubtfulTest"/>
  <testcase name="qeuryDoubtfulCase" time="0.746" classname="com.iebm.ssm.testScripts.QueryDoubtfulTest"/>
  <testcase name="qeuryDoubtfulCase" time="0.785" classname="com.iebm.ssm.testScripts.QueryDoubtfulTest"/>
  <testcase name="qeuryDoubtfulCase" time="0.846" classname="com.iebm.ssm.testScripts.QueryDoubtfulTest"/>
  <testcase name="qeuryDoubtfulCase" time="0.779" classname="com.iebm.ssm.testScripts.QueryDoubtfulTest"/>
  <testcase name="qeuryDoubtfulCase" time="0.825" classname="com.iebm.ssm.testScripts.QueryDoubtfulTest"/>
  <testcase name="qeuryDoubtfulCase" time="0.783" classname="com.iebm.ssm.testScripts.QueryDoubtfulTest"/>
  <testcase name="qeuryDoubtfulCase" time="0.810" classname="com.iebm.ssm.testScripts.QueryDoubtfulTest"/>
  <testcase name="qeuryDoubtfulCase" time="0.784" classname="com.iebm.ssm.testScripts.QueryDoubtfulTest"/>
  <testcase name="qeuryDoubtfulCase" time="0.803" classname="com.iebm.ssm.testScripts.QueryDoubtfulTest"/>
  <testcase name="qeuryDoubtfulCase" time="0.538" classname="com.iebm.ssm.testScripts.QueryDoubtfulTest"/>
  <testcase name="qeuryDoubtfulCase" time="0.785" classname="com.iebm.ssm.testScripts.QueryDoubtfulTest"/>
  <testcase name="qeuryDoubtfulCase" time="0.773" classname="com.iebm.ssm.testScripts.QueryDoubtfulTest"/>
  <testcase name="qeuryDoubtfulCase" time="0.862" classname="com.iebm.ssm.testScripts.QueryDoubtfulTest"/>
  <testcase name="qeuryDoubtfulCase" time="0.786" classname="com.iebm.ssm.testScripts.QueryDoubtfulTest"/>
  <testcase name="qeuryDoubtfulCase" time="0.546" classname="com.iebm.ssm.testScripts.QueryDoubtfulTest"/>
  <testcase name="qeuryDoubtfulCase" time="0.799" classname="com.iebm.ssm.testScripts.QueryDoubtfulTest"/>
  <testcase name="qeuryDoubtfulCase" time="0.806" classname="com.iebm.ssm.testScripts.QueryDoubtfulTest"/>
  <testcase name="qeuryDoubtfulCase" time="0.780" classname="com.iebm.ssm.testScripts.QueryDoubtfulTest"/>
  <testcase name="qeuryDoubtfulCase" time="1.666" classname="com.iebm.ssm.testScripts.QueryDoubtfulTest"/>
  <testcase name="qeuryDoubtfulCase" time="0.800" classname="com.iebm.ssm.testScripts.QueryDoubtfulTest"/>
  <testcase name="qeuryDoubtfulCase" time="0.772" classname="com.iebm.ssm.testScripts.QueryDoubtfulTest"/>
  <testcase name="qeuryDoubtfulCase" time="0.768" classname="com.iebm.ssm.testScripts.QueryDoubtfulTest"/>
  <testcase name="qeuryDoubtfulCase" time="0.805" classname="com.iebm.ssm.testScripts.QueryDoubtfulTest"/>
  <testcase name="qeuryDoubtfulCase" time="0.756" classname="com.iebm.ssm.testScripts.QueryDoubtfulTest"/>
  <testcase name="qeuryDoubtfulCase" time="0.778" classname="com.iebm.ssm.testScripts.QueryDoubtfulTest"/>
  <testcase name="qeuryDoubtfulCase" time="0.763" classname="com.iebm.ssm.testScripts.QueryDoubtfulTest"/>
  <testcase name="qeuryDoubtfulCase" time="0.821" classname="com.iebm.ssm.testScripts.QueryDoubtfulTest"/>
  <testcase name="qeuryDoubtfulCase" time="0.787" classname="com.iebm.ssm.testScripts.QueryDoubtfulTest"/>
  <testcase name="qeuryDoubtfulCase" time="0.783" classname="com.iebm.ssm.testScripts.QueryDoubtfulTest"/>
  <testcase name="qeuryDoubtfulCase" time="0.774" classname="com.iebm.ssm.testScripts.QueryDoubtfulTest"/>
  <testcase name="qeuryDoubtfulCase" time="0.793" classname="com.iebm.ssm.testScripts.QueryDoubtfulTest"/>
  <testcase name="qeuryDoubtfulCase" time="0.772" classname="com.iebm.ssm.testScripts.QueryDoubtfulTest"/>
  <testcase name="qeuryDoubtfulCase" time="0.815" classname="com.iebm.ssm.testScripts.QueryDoubtfulTest"/>
  <testcase name="qeuryDoubtfulCase" time="0.768" classname="com.iebm.ssm.testScripts.QueryDoubtfulTest"/>
  <testcase name="qeuryDoubtfulCase" time="0.856" classname="com.iebm.ssm.testScripts.QueryDoubtfulTest"/>
  <testcase name="qeuryDoubtfulCase" time="0.813" classname="com.iebm.ssm.testScripts.QueryDoubtfulTest"/>
  <testcase name="qeuryDoubtfulCase" time="0.775" classname="com.iebm.ssm.testScripts.QueryDoubtfulTest"/>
  <testcase name="qeuryDoubtfulCase" time="0.791" classname="com.iebm.ssm.testScripts.QueryDoubtfulTest"/>
  <testcase name="qeuryDoubtfulCase" time="0.795" classname="com.iebm.ssm.testScripts.QueryDoubtfulTest"/>
</testsuite> <!-- com.iebm.ssm.testScripts.QueryDoubtfulTest -->
