<?xml version="1.0" encoding="UTF-8"?>
<!-- Generated by org.testng.reporters.JUnitReportReporter -->
<testsuite skipped="1" hostname="LC-PC" name="com.iebm.ssm.testScripts.HospitalFeedBackTest" tests="12" failures="0" timestamp="2019-05-30T13:37:14 CST" time="21.598" errors="0">
  <testcase name="openPage" time="0.208" classname="com.iebm.ssm.testScripts.HospitalFeedBackTest"/>
  <testcase name="queryCaseFeedBack2" time="2.385" classname="com.iebm.ssm.testScripts.HospitalFeedBackTest"/>
  <testcase name="queryCaseFeedBack2" time="2.236" classname="com.iebm.ssm.testScripts.HospitalFeedBackTest"/>
  <testcase name="queryCaseFeedBack2" time="2.192" classname="com.iebm.ssm.testScripts.HospitalFeedBackTest"/>
  <testcase name="queryCaseFeedBack2" time="2.191" classname="com.iebm.ssm.testScripts.HospitalFeedBackTest"/>
  <testcase name="queryCaseFeedBack2" time="2.221" classname="com.iebm.ssm.testScripts.HospitalFeedBackTest"/>
  <testcase name="queryCaseFeedBack2" time="1.041" classname="com.iebm.ssm.testScripts.HospitalFeedBackTest"/>
  <testcase name="queryCaseFeedBack2" time="2.151" classname="com.iebm.ssm.testScripts.HospitalFeedBackTest"/>
  <testcase name="queryCaseFeedBack2" time="2.424" classname="com.iebm.ssm.testScripts.HospitalFeedBackTest"/>
  <testcase name="queryCaseFeedBack2" time="2.235" classname="com.iebm.ssm.testScripts.HospitalFeedBackTest"/>
  <testcase name="queryCaseFeedBack2" time="2.314" classname="com.iebm.ssm.testScripts.HospitalFeedBackTest"/>
  <testcase name="queryCaseFeedBack" classname="com.iebm.ssm.testScripts.HospitalFeedBackTest">
    <skipped/>
  </testcase> <!-- queryCaseFeedBack -->
</testsuite> <!-- com.iebm.ssm.testScripts.HospitalFeedBackTest -->
