<?xml version="1.0" encoding="UTF-8"?>
<!-- Generated by org.testng.reporters.JUnitReportReporter -->
<testsuite skipped="1" hostname="LC-PC" name="com.iebm.ssm.testScripts.ReviewFirstTest" tests="2" failures="0" timestamp="2019-05-30T16:55:25 CST" time="0.761" errors="0">
  <testcase name="openPage" time="0.761" classname="com.iebm.ssm.testScripts.ReviewFirstTest"/>
  <testcase name="queryReviewCase" time="0.000" classname="com.iebm.ssm.testScripts.ReviewFirstTest">
    <skipped/>
  </testcase> <!-- queryReviewCase -->
</testsuite> <!-- com.iebm.ssm.testScripts.ReviewFirstTest -->
