<?xml version="1.0" encoding="UTF-8"?>
<!-- Generated by org.testng.reporters.JUnitReportReporter -->
<testsuite skipped="0" hostname="LC-PC" name="com.iebm.ssm.testScripts.ReviewSencondTest" tests="2" failures="0" timestamp="2019-03-14T12:59:25 CST" time="2.843" errors="0">
  <testcase name="openPage" time="0.167" classname="com.iebm.ssm.testScripts.ReviewSencondTest"/>
  <testcase name="queryReviewCase" time="2.676" classname="com.iebm.ssm.testScripts.ReviewSencondTest"/>
</testsuite> <!-- com.iebm.ssm.testScripts.ReviewSencondTest -->
