<?xml version="1.0" encoding="UTF-8"?>
<!-- Generated by org.testng.reporters.JUnitReportReporter -->
<testsuite skipped="0" hostname="LC-PC" name="com.iebm.ssm.testScripts.ExpertReviewTest" tests="11" failures="0" timestamp="2019-06-06T19:14:31 CST" time="15.036" errors="0">
  <testcase name="openPage" time="0.288" classname="com.iebm.ssm.testScripts.ExpertReviewTest"/>
  <testcase name="queryReviewCase" time="0.000" classname="com.iebm.ssm.testScripts.ExpertReviewTest"/>
  <testcase name="queryReviewCase" time="2.212" classname="com.iebm.ssm.testScripts.ExpertReviewTest"/>
  <testcase name="queryReviewCase" time="0.000" classname="com.iebm.ssm.testScripts.ExpertReviewTest"/>
  <testcase name="queryReviewCase" time="2.546" classname="com.iebm.ssm.testScripts.ExpertReviewTest"/>
  <testcase name="queryReviewCase" time="1.319" classname="com.iebm.ssm.testScripts.ExpertReviewTest"/>
  <testcase name="queryReviewCase" time="3.652" classname="com.iebm.ssm.testScripts.ExpertReviewTest"/>
  <testcase name="queryReviewCase" time="2.080" classname="com.iebm.ssm.testScripts.ExpertReviewTest"/>
  <testcase name="queryReviewCase" time="0.000" classname="com.iebm.ssm.testScripts.ExpertReviewTest"/>
  <testcase name="queryReviewCase" time="1.614" classname="com.iebm.ssm.testScripts.ExpertReviewTest"/>
  <testcase name="queryReviewCase" time="1.325" classname="com.iebm.ssm.testScripts.ExpertReviewTest"/>
</testsuite> <!-- com.iebm.ssm.testScripts.ExpertReviewTest -->
