<?xml version="1.0" encoding="UTF-8"?>
<!-- Generated by org.testng.reporters.JUnitReportReporter -->
<testsuite skipped="0" hostname="LC-PC" name="com.iebm.ssm.testScripts.LoginTest" tests="1" failures="0" timestamp="2019-06-11T13:38:22 CST" time="3.331" errors="0">
  <testcase name="guestLogin" time="3.331" classname="com.iebm.ssm.testScripts.LoginTest"/>
</testsuite> <!-- com.iebm.ssm.testScripts.LoginTest -->
