<?xml version="1.0" encoding="UTF-8"?>
<!-- Generated by org.testng.reporters.JUnitReportReporter -->
<testsuite name="com.iebm.ssm.testScripts.LoginTest" tests="1" time="3.330" ignored="2" failures="0" timestamp="15 四月 2020 02:07:30 GMT" skipped="0" hostname="LC-PC" errors="0">
  <testcase name="guestLogin" time="3.330" classname="com.iebm.ssm.testScripts.LoginTest"/>
  <testcase name="ssmLogin" classname="com.iebm.ssm.testScripts.LoginTest">
    <skipped/>
  </testcase> <!-- ssmLogin -->
  <testcase name="admintLogin" classname="com.iebm.ssm.testScripts.LoginTest">
    <skipped/>
  </testcase> <!-- admintLogin -->
</testsuite> <!-- com.iebm.ssm.testScripts.LoginTest -->
