<?xml version="1.0" encoding="UTF-8"?>
<!-- Generated by org.testng.reporters.JUnitReportReporter -->
<testsuite skipped="0" hostname="LC-PC" name="com.iebm.ssm.testScripts.ConclusionAuditTest" tests="43" failures="0" timestamp="2019-03-15T14:14:28 CST" time="258.377" errors="0">
  <testcase name="queryConclusionCase" time="6.693" classname="com.iebm.ssm.testScripts.ConclusionAuditTest"/>
  <testcase name="queryConclusionCase" time="8.360" classname="com.iebm.ssm.testScripts.ConclusionAuditTest"/>
  <testcase name="queryConclusionCase" time="10.486" classname="com.iebm.ssm.testScripts.ConclusionAuditTest"/>
  <testcase name="queryConclusionCase" time="7.814" classname="com.iebm.ssm.testScripts.ConclusionAuditTest"/>
  <testcase name="queryConclusionCase" time="8.489" classname="com.iebm.ssm.testScripts.ConclusionAuditTest"/>
  <testcase name="queryConclusionCase" time="3.606" classname="com.iebm.ssm.testScripts.ConclusionAuditTest"/>
  <testcase name="queryConclusionCase" time="4.132" classname="com.iebm.ssm.testScripts.ConclusionAuditTest"/>
  <testcase name="queryConclusionCase" time="4.847" classname="com.iebm.ssm.testScripts.ConclusionAuditTest"/>
  <testcase name="queryConclusionCase" time="5.808" classname="com.iebm.ssm.testScripts.ConclusionAuditTest"/>
  <testcase name="queryConclusionCase" time="5.471" classname="com.iebm.ssm.testScripts.ConclusionAuditTest"/>
  <testcase name="queryConclusionCase" time="3.790" classname="com.iebm.ssm.testScripts.ConclusionAuditTest"/>
  <testcase name="queryConclusionCase" time="8.318" classname="com.iebm.ssm.testScripts.ConclusionAuditTest"/>
  <testcase name="queryConclusionCase" time="5.104" classname="com.iebm.ssm.testScripts.ConclusionAuditTest"/>
  <testcase name="queryConclusionCase" time="4.196" classname="com.iebm.ssm.testScripts.ConclusionAuditTest"/>
  <testcase name="queryConclusionCase" time="7.491" classname="com.iebm.ssm.testScripts.ConclusionAuditTest"/>
  <testcase name="queryConclusionCase" time="3.985" classname="com.iebm.ssm.testScripts.ConclusionAuditTest"/>
  <testcase name="queryConclusionCase" time="4.552" classname="com.iebm.ssm.testScripts.ConclusionAuditTest"/>
  <testcase name="queryConclusionCase" time="6.365" classname="com.iebm.ssm.testScripts.ConclusionAuditTest"/>
  <testcase name="queryConclusionCase" time="7.428" classname="com.iebm.ssm.testScripts.ConclusionAuditTest"/>
  <testcase name="queryConclusionCase" time="5.489" classname="com.iebm.ssm.testScripts.ConclusionAuditTest"/>
  <testcase name="queryConclusionCase" time="4.510" classname="com.iebm.ssm.testScripts.ConclusionAuditTest"/>
  <testcase name="queryConclusionCase" time="3.532" classname="com.iebm.ssm.testScripts.ConclusionAuditTest"/>
  <testcase name="queryConclusionCase" time="6.860" classname="com.iebm.ssm.testScripts.ConclusionAuditTest"/>
  <testcase name="queryConclusionCase" time="6.007" classname="com.iebm.ssm.testScripts.ConclusionAuditTest"/>
  <testcase name="queryConclusionCase" time="7.829" classname="com.iebm.ssm.testScripts.ConclusionAuditTest"/>
  <testcase name="queryConclusionCase" time="5.602" classname="com.iebm.ssm.testScripts.ConclusionAuditTest"/>
  <testcase name="queryConclusionCase" time="4.933" classname="com.iebm.ssm.testScripts.ConclusionAuditTest"/>
  <testcase name="queryConclusionCase" time="4.735" classname="com.iebm.ssm.testScripts.ConclusionAuditTest"/>
  <testcase name="queryConclusionCase" time="4.954" classname="com.iebm.ssm.testScripts.ConclusionAuditTest"/>
  <testcase name="queryConclusionCase" time="6.667" classname="com.iebm.ssm.testScripts.ConclusionAuditTest"/>
  <testcase name="queryConclusionCase" time="6.602" classname="com.iebm.ssm.testScripts.ConclusionAuditTest"/>
  <testcase name="queryConclusionCase" time="6.471" classname="com.iebm.ssm.testScripts.ConclusionAuditTest"/>
  <testcase name="queryConclusionCase" time="9.119" classname="com.iebm.ssm.testScripts.ConclusionAuditTest"/>
  <testcase name="openPage" time="0.178" classname="com.iebm.ssm.testScripts.ConclusionAuditTest"/>
  <testcase name="queryConclusionCase" time="9.093" classname="com.iebm.ssm.testScripts.ConclusionAuditTest"/>
  <testcase name="queryConclusionCase" time="5.310" classname="com.iebm.ssm.testScripts.ConclusionAuditTest"/>
  <testcase name="queryConclusionCase" time="7.041" classname="com.iebm.ssm.testScripts.ConclusionAuditTest"/>
  <testcase name="queryConclusionCase" time="7.795" classname="com.iebm.ssm.testScripts.ConclusionAuditTest"/>
  <testcase name="queryConclusionCase" time="4.610" classname="com.iebm.ssm.testScripts.ConclusionAuditTest"/>
  <testcase name="queryConclusionCase" time="4.920" classname="com.iebm.ssm.testScripts.ConclusionAuditTest"/>
  <testcase name="queryConclusionCase" time="6.730" classname="com.iebm.ssm.testScripts.ConclusionAuditTest"/>
  <testcase name="queryConclusionCase" time="3.862" classname="com.iebm.ssm.testScripts.ConclusionAuditTest"/>
  <testcase name="queryConclusionCase" time="8.593" classname="com.iebm.ssm.testScripts.ConclusionAuditTest"/>
</testsuite> <!-- com.iebm.ssm.testScripts.ConclusionAuditTest -->
