<?xml version="1.0" encoding="UTF-8"?>
<!-- Generated by org.testng.reporters.JUnitReportReporter -->
<testsuite skipped="0" hostname="LC-PC" name="com.iebm.ssm.testScripts.BusinessAuditTest" tests="11" failures="0" timestamp="2019-06-06T19:26:55 CST" time="15.802" errors="0">
  <testcase name="openPage" time="0.579" classname="com.iebm.ssm.testScripts.BusinessAuditTest"/>
  <testcase name="queryBusinessAuditCase" time="0.971" classname="com.iebm.ssm.testScripts.BusinessAuditTest"/>
  <testcase name="queryBusinessAuditCase" time="2.716" classname="com.iebm.ssm.testScripts.BusinessAuditTest"/>
  <testcase name="queryBusinessAuditCase" time="1.197" classname="com.iebm.ssm.testScripts.BusinessAuditTest"/>
  <testcase name="queryBusinessAuditCase" time="2.152" classname="com.iebm.ssm.testScripts.BusinessAuditTest"/>
  <testcase name="queryBusinessAuditCase" time="1.280" classname="com.iebm.ssm.testScripts.BusinessAuditTest"/>
  <testcase name="queryBusinessAuditCase" time="1.020" classname="com.iebm.ssm.testScripts.BusinessAuditTest"/>
  <testcase name="queryBusinessAuditCase" time="1.064" classname="com.iebm.ssm.testScripts.BusinessAuditTest"/>
  <testcase name="queryBusinessAuditCase" time="2.132" classname="com.iebm.ssm.testScripts.BusinessAuditTest"/>
  <testcase name="queryBusinessAuditCase" time="2.691" classname="com.iebm.ssm.testScripts.BusinessAuditTest"/>
  <testcase name="queryBusinessAuditCase" time="0.000" classname="com.iebm.ssm.testScripts.BusinessAuditTest"/>
</testsuite> <!-- com.iebm.ssm.testScripts.BusinessAuditTest -->
