<?xml version="1.0" encoding="UTF-8"?>
<!-- Generated by org.testng.reporters.JUnitReportReporter -->
<testsuite skipped="0" hostname="LC-PC" name="com.iebm.ssm.testScripts.LoginTest" tests="1" failures="0" timestamp="2018-12-20T22:36:01 CST" time="11.731" errors="0">
  <testcase name="testLogin" time="11.731" classname="com.iebm.ssm.testScripts.LoginTest"/>
</testsuite> <!-- com.iebm.ssm.testScripts.LoginTest -->
