<?xml version="1.0" encoding="UTF-8"?>
<!-- Generated by org.testng.reporters.JUnitReportReporter -->
<testsuite skipped="0" hostname="LC-PC" name="com.iebm.ssm.testScripts.HospitalDoubtFeedBackTest" tests="2" failures="0" timestamp="2019-03-14T12:36:09 CST" time="3.258" errors="0">
  <testcase name="openPage" time="0.761" classname="com.iebm.ssm.testScripts.HospitalDoubtFeedBackTest"/>
  <testcase name="queryFeedBackCase" time="2.497" classname="com.iebm.ssm.testScripts.HospitalDoubtFeedBackTest"/>
</testsuite> <!-- com.iebm.ssm.testScripts.HospitalDoubtFeedBackTest -->
