<?xml version="1.0" encoding="UTF-8"?>
<!-- Generated by org.testng.reporters.JUnitReportReporter -->
<testsuite skipped="0" hostname="LC-PC" name="com.iebm.ssm.testScripts.ReviewFirstTest" tests="11" failures="0" timestamp="2019-06-06T16:27:53 CST" time="30.718" errors="0">
  <testcase name="openPage" time="0.847" classname="com.iebm.ssm.testScripts.ReviewFirstTest"/>
  <testcase name="queryReviewCase" time="2.708" classname="com.iebm.ssm.testScripts.ReviewFirstTest"/>
  <testcase name="queryReviewCase" time="4.459" classname="com.iebm.ssm.testScripts.ReviewFirstTest"/>
  <testcase name="queryReviewCase" time="3.645" classname="com.iebm.ssm.testScripts.ReviewFirstTest"/>
  <testcase name="queryReviewCase" time="3.007" classname="com.iebm.ssm.testScripts.ReviewFirstTest"/>
  <testcase name="queryReviewCase" time="1.556" classname="com.iebm.ssm.testScripts.ReviewFirstTest"/>
  <testcase name="queryReviewCase" time="1.298" classname="com.iebm.ssm.testScripts.ReviewFirstTest"/>
  <testcase name="queryReviewCase" time="4.663" classname="com.iebm.ssm.testScripts.ReviewFirstTest"/>
  <testcase name="queryReviewCase" time="2.860" classname="com.iebm.ssm.testScripts.ReviewFirstTest"/>
  <testcase name="queryReviewCase" time="2.447" classname="com.iebm.ssm.testScripts.ReviewFirstTest"/>
  <testcase name="queryReviewCase" time="3.228" classname="com.iebm.ssm.testScripts.ReviewFirstTest"/>
</testsuite> <!-- com.iebm.ssm.testScripts.ReviewFirstTest -->
