<?xml version="1.0" encoding="UTF-8"?>
<!-- Generated by org.testng.reporters.JUnitReportReporter -->
<testsuite name="com.iebm.ssm.test.TestNGDemo" tests="3" time="0.007" ignored="0" failures="0" timestamp="16 四月 2020 02:17:08 GMT" skipped="0" hostname="LC-PC" errors="0">
  <testcase name="f" time="0.000" classname="com.iebm.ssm.test.TestNGDemo"/>
  <testcase name="f" time="0.004" classname="com.iebm.ssm.test.TestNGDemo"/>
  <testcase name="f2" time="0.003" classname="com.iebm.ssm.test.TestNGDemo"/>
</testsuite> <!-- com.iebm.ssm.test.TestNGDemo -->
