<?xml version="1.0" encoding="UTF-8"?>
<!-- Generated by org.testng.reporters.JUnitReportReporter -->
<testsuite skipped="0" hostname="LC-PC" name="com.iebm.ssm.testScripts.DynamicWarnTest" tests="1" failures="0" timestamp="2018-12-19T16:20:15 CST" time="2.257" errors="0">
  <testcase name="testDynamicWarn" time="2.257" classname="com.iebm.ssm.testScripts.DynamicWarnTest"/>
</testsuite> <!-- com.iebm.ssm.testScripts.DynamicWarnTest -->
