<?xml version="1.0" encoding="UTF-8"?>
<!-- Generated by org.testng.reporters.JUnitReportReporter -->
<testsuite skipped="0" hostname="LC-PC" name="com.iebm.ssm.testScripts.ReviewSencondTest" tests="11" failures="0" timestamp="2019-06-11T12:30:52 CST" time="15.497" errors="0">
  <testcase name="openPage" time="0.321" classname="com.iebm.ssm.testScripts.ReviewSencondTest"/>
  <testcase name="queryReviewCase" time="0.923" classname="com.iebm.ssm.testScripts.ReviewSencondTest"/>
  <testcase name="queryReviewCase" time="0.914" classname="com.iebm.ssm.testScripts.ReviewSencondTest"/>
  <testcase name="queryReviewCase" time="2.183" classname="com.iebm.ssm.testScripts.ReviewSencondTest"/>
  <testcase name="queryReviewCase" time="2.253" classname="com.iebm.ssm.testScripts.ReviewSencondTest"/>
  <testcase name="queryReviewCase" time="1.107" classname="com.iebm.ssm.testScripts.ReviewSencondTest"/>
  <testcase name="queryReviewCase" time="1.297" classname="com.iebm.ssm.testScripts.ReviewSencondTest"/>
  <testcase name="queryReviewCase" time="1.272" classname="com.iebm.ssm.testScripts.ReviewSencondTest"/>
  <testcase name="queryReviewCase" time="1.922" classname="com.iebm.ssm.testScripts.ReviewSencondTest"/>
  <testcase name="queryReviewCase" time="1.345" classname="com.iebm.ssm.testScripts.ReviewSencondTest"/>
  <testcase name="queryReviewCase" time="1.960" classname="com.iebm.ssm.testScripts.ReviewSencondTest"/>
</testsuite> <!-- com.iebm.ssm.testScripts.ReviewSencondTest -->
