<?xml version="1.0" encoding="UTF-8"?>
<!-- Generated by org.testng.reporters.JUnitReportReporter -->
<testsuite skipped="0" hostname="LC-PC" name="com.iebm.ssm.testScripts.ConclusionAuditTest" tests="11" failures="0" timestamp="2019-06-06T19:57:15 CST" time="39.013" errors="0">
  <testcase name="queryConclusionCase" time="3.332" classname="com.iebm.ssm.testScripts.ConclusionAuditTest"/>
  <testcase name="queryConclusionCase" time="5.822" classname="com.iebm.ssm.testScripts.ConclusionAuditTest"/>
  <testcase name="queryConclusionCase" time="3.644" classname="com.iebm.ssm.testScripts.ConclusionAuditTest"/>
  <testcase name="queryConclusionCase" time="3.216" classname="com.iebm.ssm.testScripts.ConclusionAuditTest"/>
  <testcase name="queryConclusionCase" time="3.613" classname="com.iebm.ssm.testScripts.ConclusionAuditTest"/>
  <testcase name="queryConclusionCase" time="3.273" classname="com.iebm.ssm.testScripts.ConclusionAuditTest"/>
  <testcase name="queryConclusionCase" time="3.585" classname="com.iebm.ssm.testScripts.ConclusionAuditTest"/>
  <testcase name="queryConclusionCase" time="4.138" classname="com.iebm.ssm.testScripts.ConclusionAuditTest"/>
  <testcase name="openPage" time="1.771" classname="com.iebm.ssm.testScripts.ConclusionAuditTest"/>
  <testcase name="queryConclusionCase" time="3.306" classname="com.iebm.ssm.testScripts.ConclusionAuditTest"/>
  <testcase name="queryConclusionCase" time="3.313" classname="com.iebm.ssm.testScripts.ConclusionAuditTest"/>
</testsuite> <!-- com.iebm.ssm.testScripts.ConclusionAuditTest -->
