<?xml version="1.0" encoding="UTF-8"?>
<!-- Generated by org.testng.reporters.JUnitReportReporter -->
<testsuite skipped="0" hostname="LC-PC" name="com.iebm.ssm.testScripts.ReviewSencondTest" tests="11" failures="0" timestamp="2019-06-06T17:35:44 CST" time="15.882" errors="0">
  <testcase name="openPage" time="0.327" classname="com.iebm.ssm.testScripts.ReviewSencondTest"/>
  <testcase name="queryReviewCase" time="2.080" classname="com.iebm.ssm.testScripts.ReviewSencondTest"/>
  <testcase name="queryReviewCase" time="0.997" classname="com.iebm.ssm.testScripts.ReviewSencondTest"/>
  <testcase name="queryReviewCase" time="1.286" classname="com.iebm.ssm.testScripts.ReviewSencondTest"/>
  <testcase name="queryReviewCase" time="2.592" classname="com.iebm.ssm.testScripts.ReviewSencondTest"/>
  <testcase name="queryReviewCase" time="1.503" classname="com.iebm.ssm.testScripts.ReviewSencondTest"/>
  <testcase name="queryReviewCase" time="1.940" classname="com.iebm.ssm.testScripts.ReviewSencondTest"/>
  <testcase name="queryReviewCase" time="1.477" classname="com.iebm.ssm.testScripts.ReviewSencondTest"/>
  <testcase name="queryReviewCase" time="2.404" classname="com.iebm.ssm.testScripts.ReviewSencondTest"/>
  <testcase name="queryReviewCase" time="1.276" classname="com.iebm.ssm.testScripts.ReviewSencondTest"/>
  <testcase name="queryReviewCase" time="0.000" classname="com.iebm.ssm.testScripts.ReviewSencondTest"/>
</testsuite> <!-- com.iebm.ssm.testScripts.ReviewSencondTest -->
