<?xml version="1.0" encoding="UTF-8"?>
<!-- Generated by org.testng.reporters.JUnitReportReporter -->
<testsuite skipped="0" hostname="LC-PC" name="com.iebm.ssm.testScripts.ExpertReviewTest" tests="2" failures="0" timestamp="2019-03-14T18:11:32 CST" time="2.931" errors="0">
  <testcase name="openPage" time="0.219" classname="com.iebm.ssm.testScripts.ExpertReviewTest"/>
  <testcase name="queryReviewCase" time="2.712" classname="com.iebm.ssm.testScripts.ExpertReviewTest"/>
</testsuite> <!-- com.iebm.ssm.testScripts.ExpertReviewTest -->
