<?xml version="1.0" encoding="UTF-8"?>
<!-- Generated by org.testng.reporters.JUnitReportReporter -->
<testsuite skipped="0" hostname="LC-PC" name="com.iebm.ssm.testScripts.HospitalDoubtFeedBackTest" tests="11" failures="0" timestamp="2019-06-06T17:03:47 CST" time="28.212" errors="0">
  <testcase name="openPage" time="0.809" classname="com.iebm.ssm.testScripts.HospitalDoubtFeedBackTest"/>
  <testcase name="queryFeedBackCase" time="1.614" classname="com.iebm.ssm.testScripts.HospitalDoubtFeedBackTest"/>
  <testcase name="queryFeedBackCase" time="2.359" classname="com.iebm.ssm.testScripts.HospitalDoubtFeedBackTest"/>
  <testcase name="queryFeedBackCase" time="2.678" classname="com.iebm.ssm.testScripts.HospitalDoubtFeedBackTest"/>
  <testcase name="queryFeedBackCase" time="3.776" classname="com.iebm.ssm.testScripts.HospitalDoubtFeedBackTest"/>
  <testcase name="queryFeedBackCase" time="2.332" classname="com.iebm.ssm.testScripts.HospitalDoubtFeedBackTest"/>
  <testcase name="queryFeedBackCase" time="4.974" classname="com.iebm.ssm.testScripts.HospitalDoubtFeedBackTest"/>
  <testcase name="queryFeedBackCase" time="1.464" classname="com.iebm.ssm.testScripts.HospitalDoubtFeedBackTest"/>
  <testcase name="queryFeedBackCase" time="2.306" classname="com.iebm.ssm.testScripts.HospitalDoubtFeedBackTest"/>
  <testcase name="queryFeedBackCase" time="2.237" classname="com.iebm.ssm.testScripts.HospitalDoubtFeedBackTest"/>
  <testcase name="queryFeedBackCase" time="3.663" classname="com.iebm.ssm.testScripts.HospitalDoubtFeedBackTest"/>
</testsuite> <!-- com.iebm.ssm.testScripts.HospitalDoubtFeedBackTest -->
